Feb 16, 2014 5:15:20 PM com.sun.jmx.interceptor.DefaultMBeanServerInterceptor registerMBean
FINER: ObjectName = JMImplementation:type=MBeanServerDelegate
Feb 16, 2014 5:15:20 PM com.sun.jmx.mbeanserver.Repository addMBean
FINER: name = JMImplementation:type=MBeanServerDelegate
Feb 16, 2014 5:15:20 PM com.sun.jmx.interceptor.DefaultMBeanServerInterceptor addObject
FINER: Send create notification of object JMImplementation:type=MBeanServerDelegate
Feb 16, 2014 5:15:20 PM com.sun.jmx.interceptor.DefaultMBeanServerInterceptor sendNotification
FINER: JMX.mbean.registered JMImplementation:type=MBeanServerDelegate
Feb 16, 2014 5:15:20 PM com.sun.jmx.mbeanserver.Repository contains
FINER:  name = java.lang:type=ClassLoading
Feb 16, 2014 5:15:20 PM javax.management.MBeanServerFactory getMBeanInfo
FINER: Building MBeanInfo for sun.management.ClassLoadingImpl
Feb 16, 2014 5:15:20 PM com.sun.jmx.interceptor.DefaultMBeanServerInterceptor registerMBean
FINER: ObjectName = java.lang:type=ClassLoading
Feb 16, 2014 5:15:20 PM com.sun.jmx.mbeanserver.Repository addMBean
FINER: name = java.lang:type=ClassLoading
Feb 16, 2014 5:15:20 PM com.sun.jmx.interceptor.DefaultMBeanServerInterceptor addObject
FINER: Send create notification of object java.lang:type=ClassLoading
Feb 16, 2014 5:15:20 PM com.sun.jmx.interceptor.DefaultMBeanServerInterceptor sendNotification
FINER: JMX.mbean.registered java.lang:type=ClassLoading
Feb 16, 2014 5:15:20 PM com.sun.jmx.mbeanserver.Repository contains
FINER:  name = java.lang:type=Compilation
Feb 16, 2014 5:15:20 PM javax.management.MBeanServerFactory getMBeanInfo
FINER: Building MBeanInfo for sun.management.CompilationImpl
Feb 16, 2014 5:15:20 PM com.sun.jmx.interceptor.DefaultMBeanServerInterceptor registerMBean
FINER: ObjectName = java.lang:type=Compilation
Feb 16, 2014 5:15:20 PM com.sun.jmx.mbeanserver.Repository addMBean
FINER: name = java.lang:type=Compilation
Feb 16, 2014 5:15:20 PM com.sun.jmx.interceptor.DefaultMBeanServerInterceptor addObject
FINER: Send create notification of object java.lang:type=Compilation
Feb 16, 2014 5:15:20 PM com.sun.jmx.interceptor.DefaultMBeanServerInterceptor sendNotification
FINER: JMX.mbean.registered java.lang:type=Compilation
Feb 16, 2014 5:15:20 PM com.sun.jmx.mbeanserver.Repository contains
FINER:  name = java.lang:type=Memory
Feb 16, 2014 5:15:20 PM javax.management.MBeanServerFactory getMBeanInfo
FINER: Building MBeanInfo for sun.management.MemoryImpl
Feb 16, 2014 5:15:20 PM com.sun.jmx.interceptor.DefaultMBeanServerInterceptor registerMBean
FINER: ObjectName = java.lang:type=Memory
Feb 16, 2014 5:15:20 PM com.sun.jmx.mbeanserver.Repository addMBean
FINER: name = java.lang:type=Memory
Feb 16, 2014 5:15:20 PM com.sun.jmx.interceptor.DefaultMBeanServerInterceptor addObject
FINER: Send create notification of object java.lang:type=Memory
Feb 16, 2014 5:15:20 PM com.sun.jmx.interceptor.DefaultMBeanServerInterceptor sendNotification
FINER: JMX.mbean.registered java.lang:type=Memory
Feb 16, 2014 5:15:20 PM com.sun.jmx.mbeanserver.Repository contains
FINER:  name = java.lang:type=GarbageCollector,name=PS Scavenge
Feb 16, 2014 5:15:20 PM javax.management.MBeanServerFactory getMBeanInfo
FINER: Building MBeanInfo for sun.management.GarbageCollectorImpl
Feb 16, 2014 5:15:20 PM com.sun.jmx.interceptor.DefaultMBeanServerInterceptor registerMBean
FINER: ObjectName = java.lang:type=GarbageCollector,name=PS Scavenge
Feb 16, 2014 5:15:20 PM com.sun.jmx.mbeanserver.Repository addMBean
FINER: name = java.lang:type=GarbageCollector,name=PS Scavenge
Feb 16, 2014 5:15:20 PM com.sun.jmx.interceptor.DefaultMBeanServerInterceptor addObject
FINER: Send create notification of object java.lang:name=PS Scavenge,type=GarbageCollector
Feb 16, 2014 5:15:20 PM com.sun.jmx.interceptor.DefaultMBeanServerInterceptor sendNotification
FINER: JMX.mbean.registered java.lang:type=GarbageCollector,name=PS Scavenge
Feb 16, 2014 5:15:20 PM com.sun.jmx.mbeanserver.Repository contains
FINER:  name = java.lang:type=GarbageCollector,name=PS MarkSweep
Feb 16, 2014 5:15:20 PM javax.management.MBeanServerFactory getMBeanInfo
FINER: Building MBeanInfo for sun.management.GarbageCollectorImpl
Feb 16, 2014 5:15:20 PM com.sun.jmx.interceptor.DefaultMBeanServerInterceptor registerMBean
FINER: ObjectName = java.lang:type=GarbageCollector,name=PS MarkSweep
Feb 16, 2014 5:15:20 PM com.sun.jmx.mbeanserver.Repository addMBean
FINER: name = java.lang:type=GarbageCollector,name=PS MarkSweep
Feb 16, 2014 5:15:20 PM com.sun.jmx.interceptor.DefaultMBeanServerInterceptor addObject
FINER: Send create notification of object java.lang:name=PS MarkSweep,type=GarbageCollector
Feb 16, 2014 5:15:20 PM com.sun.jmx.interceptor.DefaultMBeanServerInterceptor sendNotification
FINER: JMX.mbean.registered java.lang:type=GarbageCollector,name=PS MarkSweep
Feb 16, 2014 5:15:20 PM com.sun.jmx.mbeanserver.Repository contains
FINER:  name = java.lang:type=MemoryManager,name=CodeCacheManager
Feb 16, 2014 5:15:20 PM javax.management.MBeanServerFactory getMBeanInfo
FINER: Building MBeanInfo for sun.management.MemoryManagerImpl
Feb 16, 2014 5:15:20 PM com.sun.jmx.interceptor.DefaultMBeanServerInterceptor registerMBean
FINER: ObjectName = java.lang:type=MemoryManager,name=CodeCacheManager
Feb 16, 2014 5:15:20 PM com.sun.jmx.mbeanserver.Repository addMBean
FINER: name = java.lang:type=MemoryManager,name=CodeCacheManager
Feb 16, 2014 5:15:20 PM com.sun.jmx.interceptor.DefaultMBeanServerInterceptor addObject
FINER: Send create notification of object java.lang:name=CodeCacheManager,type=MemoryManager
Feb 16, 2014 5:15:20 PM com.sun.jmx.interceptor.DefaultMBeanServerInterceptor sendNotification
FINER: JMX.mbean.registered java.lang:type=MemoryManager,name=CodeCacheManager
Feb 16, 2014 5:15:20 PM com.sun.jmx.mbeanserver.Repository contains
FINER:  name = java.lang:type=GarbageCollector,name=PS Scavenge
Feb 16, 2014 5:15:20 PM com.sun.jmx.mbeanserver.Repository contains
FINER:  name = java.lang:type=GarbageCollector,name=PS MarkSweep
Feb 16, 2014 5:15:20 PM com.sun.jmx.mbeanserver.Repository contains
FINER:  name = java.lang:type=MemoryPool,name=Code Cache
Feb 16, 2014 5:15:20 PM javax.management.MBeanServerFactory getMBeanInfo
FINER: Building MBeanInfo for sun.management.MemoryPoolImpl
Feb 16, 2014 5:15:20 PM com.sun.jmx.interceptor.DefaultMBeanServerInterceptor registerMBean
FINER: ObjectName = java.lang:type=MemoryPool,name=Code Cache
Feb 16, 2014 5:15:20 PM com.sun.jmx.mbeanserver.Repository addMBean
FINER: name = java.lang:type=MemoryPool,name=Code Cache
Feb 16, 2014 5:15:20 PM com.sun.jmx.interceptor.DefaultMBeanServerInterceptor addObject
FINER: Send create notification of object java.lang:name=Code Cache,type=MemoryPool
Feb 16, 2014 5:15:20 PM com.sun.jmx.interceptor.DefaultMBeanServerInterceptor sendNotification
FINER: JMX.mbean.registered java.lang:type=MemoryPool,name=Code Cache
Feb 16, 2014 5:15:20 PM com.sun.jmx.mbeanserver.Repository contains
FINER:  name = java.lang:type=MemoryPool,name=PS Eden Space
Feb 16, 2014 5:15:20 PM javax.management.MBeanServerFactory getMBeanInfo
FINER: Building MBeanInfo for sun.management.MemoryPoolImpl
Feb 16, 2014 5:15:20 PM com.sun.jmx.interceptor.DefaultMBeanServerInterceptor registerMBean
FINER: ObjectName = java.lang:type=MemoryPool,name=PS Eden Space
Feb 16, 2014 5:15:20 PM com.sun.jmx.mbeanserver.Repository addMBean
FINER: name = java.lang:type=MemoryPool,name=PS Eden Space
Feb 16, 2014 5:15:20 PM com.sun.jmx.interceptor.DefaultMBeanServerInterceptor addObject
FINER: Send create notification of object java.lang:name=PS Eden Space,type=MemoryPool
Feb 16, 2014 5:15:20 PM com.sun.jmx.interceptor.DefaultMBeanServerInterceptor sendNotification
FINER: JMX.mbean.registered java.lang:type=MemoryPool,name=PS Eden Space
Feb 16, 2014 5:15:20 PM com.sun.jmx.mbeanserver.Repository contains
FINER:  name = java.lang:type=MemoryPool,name=PS Survivor Space
Feb 16, 2014 5:15:20 PM javax.management.MBeanServerFactory getMBeanInfo
FINER: Building MBeanInfo for sun.management.MemoryPoolImpl
Feb 16, 2014 5:15:20 PM com.sun.jmx.interceptor.DefaultMBeanServerInterceptor registerMBean
FINER: ObjectName = java.lang:type=MemoryPool,name=PS Survivor Space
Feb 16, 2014 5:15:20 PM com.sun.jmx.mbeanserver.Repository addMBean
FINER: name = java.lang:type=MemoryPool,name=PS Survivor Space
Feb 16, 2014 5:15:20 PM com.sun.jmx.interceptor.DefaultMBeanServerInterceptor addObject
FINER: Send create notification of object java.lang:name=PS Survivor Space,type=MemoryPool
Feb 16, 2014 5:15:20 PM com.sun.jmx.interceptor.DefaultMBeanServerInterceptor sendNotification
FINER: JMX.mbean.registered java.lang:type=MemoryPool,name=PS Survivor Space
Feb 16, 2014 5:15:20 PM com.sun.jmx.mbeanserver.Repository contains
FINER:  name = java.lang:type=MemoryPool,name=PS Old Gen
Feb 16, 2014 5:15:20 PM javax.management.MBeanServerFactory getMBeanInfo
FINER: Building MBeanInfo for sun.management.MemoryPoolImpl
Feb 16, 2014 5:15:20 PM com.sun.jmx.interceptor.DefaultMBeanServerInterceptor registerMBean
FINER: ObjectName = java.lang:type=MemoryPool,name=PS Old Gen
Feb 16, 2014 5:15:20 PM com.sun.jmx.mbeanserver.Repository addMBean
FINER: name = java.lang:type=MemoryPool,name=PS Old Gen
Feb 16, 2014 5:15:20 PM com.sun.jmx.interceptor.DefaultMBeanServerInterceptor addObject
FINER: Send create notification of object java.lang:name=PS Old Gen,type=MemoryPool
Feb 16, 2014 5:15:20 PM com.sun.jmx.interceptor.DefaultMBeanServerInterceptor sendNotification
FINER: JMX.mbean.registered java.lang:type=MemoryPool,name=PS Old Gen
Feb 16, 2014 5:15:20 PM com.sun.jmx.mbeanserver.Repository contains
FINER:  name = java.lang:type=MemoryPool,name=PS Perm Gen
Feb 16, 2014 5:15:20 PM javax.management.MBeanServerFactory getMBeanInfo
FINER: Building MBeanInfo for sun.management.MemoryPoolImpl
Feb 16, 2014 5:15:20 PM com.sun.jmx.interceptor.DefaultMBeanServerInterceptor registerMBean
FINER: ObjectName = java.lang:type=MemoryPool,name=PS Perm Gen
Feb 16, 2014 5:15:20 PM com.sun.jmx.mbeanserver.Repository addMBean
FINER: name = java.lang:type=MemoryPool,name=PS Perm Gen
Feb 16, 2014 5:15:20 PM com.sun.jmx.interceptor.DefaultMBeanServerInterceptor addObject
FINER: Send create notification of object java.lang:name=PS Perm Gen,type=MemoryPool
Feb 16, 2014 5:15:20 PM com.sun.jmx.interceptor.DefaultMBeanServerInterceptor sendNotification
FINER: JMX.mbean.registered java.lang:type=MemoryPool,name=PS Perm Gen
Feb 16, 2014 5:15:20 PM com.sun.jmx.mbeanserver.Repository contains
FINER:  name = java.lang:type=OperatingSystem
Feb 16, 2014 5:15:20 PM javax.management.MBeanServerFactory getMBeanInfo
FINER: Building MBeanInfo for com.sun.management.OperatingSystem
Feb 16, 2014 5:15:20 PM com.sun.jmx.interceptor.DefaultMBeanServerInterceptor registerMBean
FINER: ObjectName = java.lang:type=OperatingSystem
Feb 16, 2014 5:15:20 PM com.sun.jmx.mbeanserver.Repository addMBean
FINER: name = java.lang:type=OperatingSystem
Feb 16, 2014 5:15:20 PM com.sun.jmx.interceptor.DefaultMBeanServerInterceptor addObject
FINER: Send create notification of object java.lang:type=OperatingSystem
Feb 16, 2014 5:15:20 PM com.sun.jmx.interceptor.DefaultMBeanServerInterceptor sendNotification
FINER: JMX.mbean.registered java.lang:type=OperatingSystem
Feb 16, 2014 5:15:20 PM com.sun.jmx.mbeanserver.Repository contains
FINER:  name = java.lang:type=Runtime
Feb 16, 2014 5:15:20 PM javax.management.MBeanServerFactory getMBeanInfo
FINER: Building MBeanInfo for sun.management.RuntimeImpl
Feb 16, 2014 5:15:20 PM com.sun.jmx.interceptor.DefaultMBeanServerInterceptor registerMBean
FINER: ObjectName = java.lang:type=Runtime
Feb 16, 2014 5:15:20 PM com.sun.jmx.mbeanserver.Repository addMBean
FINER: name = java.lang:type=Runtime
Feb 16, 2014 5:15:20 PM com.sun.jmx.interceptor.DefaultMBeanServerInterceptor addObject
FINER: Send create notification of object java.lang:type=Runtime
Feb 16, 2014 5:15:20 PM com.sun.jmx.interceptor.DefaultMBeanServerInterceptor sendNotification
FINER: JMX.mbean.registered java.lang:type=Runtime
Feb 16, 2014 5:15:20 PM com.sun.jmx.mbeanserver.Repository contains
FINER:  name = java.lang:type=Threading
Feb 16, 2014 5:15:20 PM javax.management.MBeanServerFactory getMBeanInfo
FINER: Building MBeanInfo for sun.management.ThreadImpl
Feb 16, 2014 5:15:20 PM com.sun.jmx.interceptor.DefaultMBeanServerInterceptor registerMBean
FINER: ObjectName = java.lang:type=Threading
Feb 16, 2014 5:15:20 PM com.sun.jmx.mbeanserver.Repository addMBean
FINER: name = java.lang:type=Threading
Feb 16, 2014 5:15:20 PM com.sun.jmx.interceptor.DefaultMBeanServerInterceptor addObject
FINER: Send create notification of object java.lang:type=Threading
Feb 16, 2014 5:15:20 PM com.sun.jmx.interceptor.DefaultMBeanServerInterceptor sendNotification
FINER: JMX.mbean.registered java.lang:type=Threading
Feb 16, 2014 5:15:20 PM com.sun.jmx.mbeanserver.Repository contains
FINER:  name = java.util.logging:type=Logging
Feb 16, 2014 5:15:20 PM javax.management.MBeanServerFactory getMBeanInfo
FINER: Building MBeanInfo for sun.management.ManagementFactoryHelper$PlatformLoggingImpl
Feb 16, 2014 5:15:20 PM com.sun.jmx.interceptor.DefaultMBeanServerInterceptor registerMBean
FINER: ObjectName = java.util.logging:type=Logging
Feb 16, 2014 5:15:20 PM com.sun.jmx.mbeanserver.Repository addMBean
FINER: name = java.util.logging:type=Logging
Feb 16, 2014 5:15:20 PM com.sun.jmx.interceptor.DefaultMBeanServerInterceptor addObject
FINER: Send create notification of object java.util.logging:type=Logging
Feb 16, 2014 5:15:20 PM com.sun.jmx.interceptor.DefaultMBeanServerInterceptor sendNotification
FINER: JMX.mbean.registered java.util.logging:type=Logging
Feb 16, 2014 5:15:20 PM com.sun.jmx.mbeanserver.Repository contains
FINER:  name = java.nio:type=BufferPool,name=direct
Feb 16, 2014 5:15:20 PM javax.management.MBeanServerFactory getMBeanInfo
FINER: Building MBeanInfo for sun.management.ManagementFactoryHelper$1
Feb 16, 2014 5:15:20 PM com.sun.jmx.interceptor.DefaultMBeanServerInterceptor registerMBean
FINER: ObjectName = java.nio:type=BufferPool,name=direct
Feb 16, 2014 5:15:20 PM com.sun.jmx.mbeanserver.Repository addMBean
FINER: name = java.nio:type=BufferPool,name=direct
Feb 16, 2014 5:15:20 PM com.sun.jmx.interceptor.DefaultMBeanServerInterceptor addObject
FINER: Send create notification of object java.nio:name=direct,type=BufferPool
Feb 16, 2014 5:15:20 PM com.sun.jmx.interceptor.DefaultMBeanServerInterceptor sendNotification
FINER: JMX.mbean.registered java.nio:type=BufferPool,name=direct
Feb 16, 2014 5:15:20 PM com.sun.jmx.mbeanserver.Repository contains
FINER:  name = java.nio:type=BufferPool,name=mapped
Feb 16, 2014 5:15:20 PM javax.management.MBeanServerFactory getMBeanInfo
FINER: Building MBeanInfo for sun.management.ManagementFactoryHelper$1
Feb 16, 2014 5:15:20 PM com.sun.jmx.interceptor.DefaultMBeanServerInterceptor registerMBean
FINER: ObjectName = java.nio:type=BufferPool,name=mapped
Feb 16, 2014 5:15:20 PM com.sun.jmx.mbeanserver.Repository addMBean
FINER: name = java.nio:type=BufferPool,name=mapped
Feb 16, 2014 5:15:20 PM com.sun.jmx.interceptor.DefaultMBeanServerInterceptor addObject
FINER: Send create notification of object java.nio:name=mapped,type=BufferPool
Feb 16, 2014 5:15:20 PM com.sun.jmx.interceptor.DefaultMBeanServerInterceptor sendNotification
FINER: JMX.mbean.registered java.nio:type=BufferPool,name=mapped
Feb 16, 2014 5:15:20 PM com.sun.jmx.mbeanserver.Repository contains
FINER:  name = java.lang:type=GarbageCollector,name=PS Scavenge
Feb 16, 2014 5:15:20 PM com.sun.jmx.mbeanserver.Repository contains
FINER:  name = java.lang:type=GarbageCollector,name=PS MarkSweep
Feb 16, 2014 5:15:20 PM com.sun.jmx.mbeanserver.Repository contains
FINER:  name = java.lang:type=OperatingSystem
Feb 16, 2014 5:15:20 PM com.sun.jmx.mbeanserver.Repository contains
FINER:  name = com.sun.management:type=HotSpotDiagnostic
Feb 16, 2014 5:15:20 PM javax.management.MBeanServerFactory getMBeanInfo
FINER: Building MBeanInfo for sun.management.HotSpotDiagnostic
Feb 16, 2014 5:15:20 PM com.sun.jmx.interceptor.DefaultMBeanServerInterceptor registerMBean
FINER: ObjectName = com.sun.management:type=HotSpotDiagnostic
Feb 16, 2014 5:15:20 PM com.sun.jmx.mbeanserver.Repository addMBean
FINER: name = com.sun.management:type=HotSpotDiagnostic
Feb 16, 2014 5:15:20 PM com.sun.jmx.interceptor.DefaultMBeanServerInterceptor addObject
FINER: Send create notification of object com.sun.management:type=HotSpotDiagnostic
Feb 16, 2014 5:15:20 PM com.sun.jmx.interceptor.DefaultMBeanServerInterceptor sendNotification
FINER: JMX.mbean.registered com.sun.management:type=HotSpotDiagnostic
Feb 16, 2014 5:15:20 PM com.sun.jmx.interceptor.DefaultMBeanServerInterceptor registerMBean
FINER: ObjectName = com.oracle.javafx:type=SceneBuilder
Feb 16, 2014 5:15:20 PM com.sun.jmx.mbeanserver.Repository addMBean
FINER: name = com.oracle.javafx:type=SceneBuilder
Feb 16, 2014 5:15:20 PM com.sun.jmx.interceptor.DefaultMBeanServerInterceptor addObject
FINER: Send create notification of object com.oracle.javafx:type=SceneBuilder
Feb 16, 2014 5:15:20 PM com.sun.jmx.interceptor.DefaultMBeanServerInterceptor sendNotification
FINER: JMX.mbean.registered com.oracle.javafx:type=SceneBuilder
Feb 16, 2014 5:15:20 PM RMIConnectorServer start
FINER: setting default class loader
Feb 16, 2014 5:15:20 PM RMIConnectorServer start
FINER: setting RMIServer object
Feb 16, 2014 5:15:21 PM sun.rmi.transport.tcp.TCPEndpoint <clinit>
FINE: JavaFX Application Thread: localHostKnown = true, localHost = 127.0.0.1
Feb 16, 2014 5:15:21 PM sun.rmi.transport.tcp.TCPTransport <init>
FINE: JavaFX Application Thread: Version = 2, ep = [127.0.0.1:0,com.oracle.javafx.authoring.util.LoopbackRMIServerSocketFactory@1966d19d]
Feb 16, 2014 5:15:21 PM sun.rmi.transport.tcp.TCPEndpoint getLocalEndpoint
FINE: JavaFX Application Thread: created local endpoint for socket factory com.oracle.javafx.authoring.util.LoopbackRMIServerSocketFactory@1966d19d on port 0
Feb 16, 2014 5:15:21 PM sun.rmi.transport.tcp.TCPTransport listen
FINE: JavaFX Application Thread: (port 0) create server socket
Feb 16, 2014 5:15:21 PM sun.rmi.transport.tcp.TCPEndpoint newServerSocket
FINER: JavaFX Application Thread: creating server socket on [127.0.0.1:0,com.oracle.javafx.authoring.util.LoopbackRMIServerSocketFactory@1966d19d]
Feb 16, 2014 5:15:21 PM sun.rmi.transport.tcp.TCPEndpoint setDefaultPort
FINE: JavaFX Application Thread: default port for server socket factory com.oracle.javafx.authoring.util.LoopbackRMIServerSocketFactory@1966d19d and client socket factory null set to 54374
Feb 16, 2014 5:15:21 PM sun.rmi.transport.tcp.TCPTransport$AcceptLoop executeAcceptLoop
FINE: RMI TCP Accept-0: listening on port 54374
Feb 16, 2014 5:15:21 PM sun.rmi.transport.tcp.TCPTransport <init>
FINE: JavaFX Application Thread: Version = 2, ep = [127.0.0.1:0]
Feb 16, 2014 5:15:21 PM sun.rmi.transport.tcp.TCPEndpoint getLocalEndpoint
FINE: JavaFX Application Thread: created local endpoint for socket factory null on port 0
Feb 16, 2014 5:15:21 PM sun.rmi.transport.WeakRef pin
FINER: JavaFX Application Thread: strongRef = sun.rmi.transport.DGCImpl@13e1329e
Feb 16, 2014 5:15:21 PM sun.rmi.transport.ObjectTable putTarget
FINER: JavaFX Application Thread: add object [0:0:0, 2]
Feb 16, 2014 5:15:21 PM sun.rmi.transport.ObjectTable putTarget
FINER: JavaFX Application Thread: add object [69ed2bd8:1443b7b01f5:-7fff, 7435588014553326148]
Feb 16, 2014 5:15:21 PM sun.rmi.server.Util computeMethodHash
FINER: JavaFX Application Thread: string used for method hash: "getVersion()Ljava/lang/String;"
Feb 16, 2014 5:15:21 PM sun.rmi.server.Util computeMethodHash
FINER: JavaFX Application Thread: string used for method hash: "newClient(Ljava/lang/Object;)Ljavax/management/remote/rmi/RMIConnection;"
Feb 16, 2014 5:15:21 PM RMIConnectorServer start
FINER: getting RMIServer object to export
Feb 16, 2014 5:15:21 PM RMIConnectorServer start
FINER: Encoding URL
Feb 16, 2014 5:15:21 PM RMIConnectorServer start
FINER: Encoded URL: service:jmx:rmi://andre-Asus-NB/stub/rO0ABXNyAC5qYXZheC5tYW5hZ2VtZW50LnJlbW90ZS5ybWkuUk1JU2VydmVySW1wbF9TdHViAAAAAAAAAAICAAB4cgAaamF2YS5ybWkuc2VydmVyLlJlbW90ZVN0dWLp/tzJi+FlGgIAAHhyABxqYXZhLnJtaS5zZXJ2ZXIuUmVtb3RlT2JqZWN002G0kQxhMx4DAAB4cHc0AAtVbmljYXN0UmVmMgAACTEyNy4wLjAuMQAA1GZnMIPnX5piRGntK9gAAAFEO3sB9YABAHg=
Feb 16, 2014 5:15:21 PM RMIConnectorServer start
FINER: Connector Server Address = service:jmx:rmi://andre-Asus-NB/stub/rO0ABXNyAC5qYXZheC5tYW5hZ2VtZW50LnJlbW90ZS5ybWkuUk1JU2VydmVySW1wbF9TdHViAAAAAAAAAAICAAB4cgAaamF2YS5ybWkuc2VydmVyLlJlbW90ZVN0dWLp/tzJi+FlGgIAAHhyABxqYXZhLnJtaS5zZXJ2ZXIuUmVtb3RlT2JqZWN002G0kQxhMx4DAAB4cHc0AAtVbmljYXN0UmVmMgAACTEyNy4wLjAuMQAA1GZnMIPnX5piRGntK9gAAAFEO3sB9YABAHg=
Feb 16, 2014 5:15:21 PM RMIConnectorServer start
FINER: started.
Feb 16, 2014 5:15:26 PM javafx.fxml.JavaFXBuilderFactory createTypeBuilder
FINER: class class javafx.geometry.Insets requires a builder.
Feb 16, 2014 5:15:26 PM javafx.fxml.JavaFXBuilderFactory createTypeBuilder
FINER: class class javafx.scene.control.RadioMenuItem requires a builder.
Feb 16, 2014 5:15:26 PM javafx.fxml.JavaFXBuilderFactory createTypeBuilder
FINER: class class javafx.scene.web.WebView requires a builder.
Feb 16, 2014 5:15:26 PM com.sun.webpane.perf.PerfLogger registerProbe
FINE: Registering "com.sun.webpane.perf.Locks.TOTALTIME" probe
Feb 16, 2014 5:15:26 PM com.sun.webpane.platform.ConfigManager <clinit>
FINEST: configuration: [BUILDING_WebCore, ENABLE_RUBY, ENABLE_SHARED_WORKERS, ENABLE_ICONDATABASE, ENABLE_DATAGRID, NDEBUG, ENABLE_SQLITE, solaris.libs, ENABLE_JAVASCRIPT_DEBUGGER, ENABLE_XSLT, ENABLE_DATABASE, ENABLE_XHR_RESPONSE_BLOB, ENABLE_INPUT_TYPE_DATE, ENABLE_JAVA_BRIDGE, ENABLE_ORIENTATION_EVENTS, ENABLE_INPUT_COLOR, ENABLE_SQL_DATABASE, ENABLE_XHTMLMP, ENABLE_SVG_FONTS, ENABLE_SVG_FOREIGN_OBJECT, USE_SYSTEM_MALLOC, ENABLE_SVG_AS_IMAGE, ENABLE_INPUT_TYPE_DATETIME, ENABLE_WEB_SOCKETS, ENABLE_METER_TAG, ENABLE_TOUCH_EVENTS, BUILD_WEBKIT, ENABLE_INPUT_TYPE_DATETIMELOCAL, WIN32, ENABLE_INPUT_TYPE_WEEK, BUILDING_JAVA__, ENABLE_DETAILS, ENABLE_WCSS, ENABLE_PROGRESS_TAG, ENABLE_WORKERS, windows.libs, ENABLE_SVG_FILTERS, ENABLE_POINTER_LOCK, ENABLE_INPUT_TYPE_MONTH, ENABLE_MICRODATA, ENABLE_XPATH, UNICODE, ENABLE_INPUT_TYPE_TIME, ENABLE_DATALIST, linux.libs, ENABLE_PAGE_VISIBILITY_API, ENABLE_SVG_ANIMATION, ENABLE_CHANNEL_MESSAGING, ENABLE_SVG_USE, ENABLE_OFFLINE_WEB_APPLICATIONS, QT_LARGEFILE_SUPPORT, ENABLE_NETSCAPE_PLUGIN_API, ENABLE_EVENTSOURCE, ENABLE_DOM_STORAGE, WTF_USE_LIBXML2, ENABLE_INSPECTOR, mac.libs, IMAGEIO, ENABLE_VIDEO, ENABLE_MATHML, ENABLE_SVG]
Feb 16, 2014 5:15:26 PM com.sun.webpane.platform.WebPage$1 run
FINER: loading Windows 7 native libraries ...
Feb 16, 2014 5:15:26 PM com.sun.webpane.platform.WebPage$1 run
FINER: libxml2 loaded
Feb 16, 2014 5:15:26 PM com.sun.webpane.platform.WebPage$1 run
FINER: libxslt loaded
Feb 16, 2014 5:15:26 PM com.sun.webpane.platform.WebPage$1 run
FINER: jfxwebkit loaded
Feb 16, 2014 5:15:27 PM com.sun.webpane.platform.WebPage fwkGetPageBounds
FINER: Get page bounds
Feb 16, 2014 5:15:28 PM com.sun.webpane.platform.WebPage getMainFrame
FINER: getMainFrame: page = 262984592
Feb 16, 2014 5:15:28 PM com.sun.webpane.platform.WebPage getMainFrame
FINER: Main frame = 283154208
Feb 16, 2014 5:15:28 PM com.sun.webpane.platform.WebPage open
FINE: Open URL: 
Feb 16, 2014 5:15:28 PM com.sun.webpane.platform.WebPage fwkFireLoadEvent
FINER: Load event: pFrame = 283154208, state = 0, url = , contenttype=null, progress = 0.1, error = 0
Feb 16, 2014 5:15:28 PM com.sun.webpane.platform.WebPage getMainFrame
FINER: getMainFrame: page = 262984592
Feb 16, 2014 5:15:28 PM com.sun.webpane.platform.WebPage getMainFrame
FINER: Main frame = 283154208
Feb 16, 2014 5:15:28 PM com.sun.webpane.platform.WebPage fwkFireLoadEvent
FINER: Load event: pFrame = 283154208, state = 13, url = , contenttype=text/html, progress = 0.1, error = 0
Feb 16, 2014 5:15:28 PM com.sun.webpane.platform.WebPage getMainFrame
FINER: getMainFrame: page = 262984592
Feb 16, 2014 5:15:28 PM com.sun.webpane.platform.WebPage getMainFrame
FINER: Main frame = 283154208
Feb 16, 2014 5:15:28 PM com.sun.webpane.platform.WebPage fwkGetPageBounds
FINER: Get page bounds
Feb 16, 2014 5:15:28 PM com.sun.webpane.platform.WebPage fwkSetStatusbarText
FINER: Set statusbar text: null
Feb 16, 2014 5:15:28 PM com.sun.webpane.platform.WebPage fwkSetStatusbarText
FINER: Set statusbar text: null
Feb 16, 2014 5:15:28 PM com.sun.webpane.platform.WebPage fwkFireLoadEvent
FINER: Load event: pFrame = 283154208, state = 14, url = about:blank, contenttype=text/html, progress = 0.1, error = 0
Feb 16, 2014 5:15:28 PM com.sun.webpane.platform.WebPage getMainFrame
FINER: getMainFrame: page = 262984592
Feb 16, 2014 5:15:28 PM com.sun.webpane.platform.WebPage getMainFrame
FINER: Main frame = 283154208
Feb 16, 2014 5:15:28 PM com.sun.webpane.platform.WebPage fwkRepaint
FINEST: fwkRepaint: 0 0 12 12
Feb 16, 2014 5:15:28 PM com.sun.webpane.platform.WebPage fwkFireLoadEvent
FINER: Load event: pFrame = 283154208, state = 12, url = about:blank, contenttype=text/html, progress = 0.1, error = 0
Feb 16, 2014 5:15:28 PM com.sun.webpane.platform.WebPage getMainFrame
FINER: getMainFrame: page = 262984592
Feb 16, 2014 5:15:28 PM com.sun.webpane.platform.WebPage getMainFrame
FINER: Main frame = 283154208
Feb 16, 2014 5:15:28 PM com.sun.webpane.platform.WebPage fwkFireLoadEvent
FINER: Load event: pFrame = 283154208, state = 10, url = , contenttype=text/html, progress = 0.1, error = 0
Feb 16, 2014 5:15:28 PM com.sun.webpane.platform.WebPage getMainFrame
FINER: getMainFrame: page = 262984592
Feb 16, 2014 5:15:28 PM com.sun.webpane.platform.WebPage getMainFrame
FINER: Main frame = 283154208
Feb 16, 2014 5:15:28 PM com.sun.webpane.platform.WebPage fwkFireLoadEvent
FINER: Load event: pFrame = 283154208, state = 1, url = about:blank, contenttype=text/html, progress = 0.0, error = 0
Feb 16, 2014 5:15:28 PM com.sun.webpane.platform.WebPage getMainFrame
FINER: getMainFrame: page = 262984592
Feb 16, 2014 5:15:28 PM com.sun.webpane.platform.WebPage getMainFrame
FINER: Main frame = 283154208
Feb 16, 2014 5:15:28 PM com.sun.webpane.platform.WebPage fwkFireResourceLoadEvent
FINER: Resource load event: pFrame = 283154208, state = 22, id = 1, contenttype=text/html, progress = 1.0, error = 0
Feb 16, 2014 5:15:28 PM com.sun.webpane.platform.WebPage fwkFireResourceLoadEvent
FINE: Error in fwkFireResourceLoadEvent: unknown request id 1
Feb 16, 2014 5:15:28 PM com.sun.webpane.platform.WebPage fwkRemoveRequestURL
FINER: Set request URL: id = 1
Feb 16, 2014 5:15:28 PM com.sun.webpane.sg.theme.RenderThemeImpl$Pool clear
FINE: size: 0, controls: []
Feb 16, 2014 5:15:28 PM com.sun.webpane.sg.theme.RenderThemeImpl$Pool clear
FINE: size: 0, controls: []
Feb 16, 2014 5:15:29 PM com.sun.webpane.platform.WebPage fwkGetPageBounds
FINER: Get page bounds
Feb 16, 2014 5:15:29 PM com.sun.webpane.platform.WebPage getMainFrame
FINER: getMainFrame: page = 274350656
Feb 16, 2014 5:15:29 PM com.sun.webpane.platform.WebPage getMainFrame
FINER: Main frame = 271465680
Feb 16, 2014 5:15:29 PM com.sun.webpane.platform.WebPage open
FINE: Open URL: 
Feb 16, 2014 5:15:29 PM com.sun.webpane.platform.WebPage fwkFireLoadEvent
FINER: Load event: pFrame = 271465680, state = 0, url = , contenttype=null, progress = 0.1, error = 0
Feb 16, 2014 5:15:29 PM com.sun.webpane.platform.WebPage getMainFrame
FINER: getMainFrame: page = 274350656
Feb 16, 2014 5:15:29 PM com.sun.webpane.platform.WebPage getMainFrame
FINER: Main frame = 271465680
Feb 16, 2014 5:15:29 PM com.sun.webpane.platform.WebPage fwkFireLoadEvent
FINER: Load event: pFrame = 271465680, state = 13, url = , contenttype=text/html, progress = 0.1, error = 0
Feb 16, 2014 5:15:29 PM com.sun.webpane.platform.WebPage getMainFrame
FINER: getMainFrame: page = 274350656
Feb 16, 2014 5:15:29 PM com.sun.webpane.platform.WebPage getMainFrame
FINER: Main frame = 271465680
Feb 16, 2014 5:15:29 PM com.sun.webpane.platform.WebPage fwkGetPageBounds
FINER: Get page bounds
Feb 16, 2014 5:15:29 PM com.sun.webpane.platform.WebPage fwkSetStatusbarText
FINER: Set statusbar text: null
Feb 16, 2014 5:15:29 PM com.sun.webpane.platform.WebPage fwkSetStatusbarText
FINER: Set statusbar text: null
Feb 16, 2014 5:15:29 PM com.sun.webpane.platform.WebPage fwkFireLoadEvent
FINER: Load event: pFrame = 271465680, state = 14, url = about:blank, contenttype=text/html, progress = 0.1, error = 0
Feb 16, 2014 5:15:29 PM com.sun.webpane.platform.WebPage getMainFrame
FINER: getMainFrame: page = 274350656
Feb 16, 2014 5:15:29 PM com.sun.webpane.platform.WebPage getMainFrame
FINER: Main frame = 271465680
Feb 16, 2014 5:15:29 PM com.sun.webpane.platform.WebPage fwkRepaint
FINEST: fwkRepaint: 0 0 12 12
Feb 16, 2014 5:15:29 PM com.sun.webpane.platform.WebPage fwkFireLoadEvent
FINER: Load event: pFrame = 271465680, state = 12, url = about:blank, contenttype=text/html, progress = 0.1, error = 0
Feb 16, 2014 5:15:29 PM com.sun.webpane.platform.WebPage getMainFrame
FINER: getMainFrame: page = 274350656
Feb 16, 2014 5:15:29 PM com.sun.webpane.platform.WebPage getMainFrame
FINER: Main frame = 271465680
Feb 16, 2014 5:15:29 PM com.sun.webpane.platform.WebPage fwkFireLoadEvent
FINER: Load event: pFrame = 271465680, state = 10, url = , contenttype=text/html, progress = 0.1, error = 0
Feb 16, 2014 5:15:29 PM com.sun.webpane.platform.WebPage getMainFrame
FINER: getMainFrame: page = 274350656
Feb 16, 2014 5:15:29 PM com.sun.webpane.platform.WebPage getMainFrame
FINER: Main frame = 271465680
Feb 16, 2014 5:15:29 PM com.sun.webpane.platform.WebPage fwkFireLoadEvent
FINER: Load event: pFrame = 271465680, state = 1, url = about:blank, contenttype=text/html, progress = 0.0, error = 0
Feb 16, 2014 5:15:29 PM com.sun.webpane.platform.WebPage getMainFrame
FINER: getMainFrame: page = 274350656
Feb 16, 2014 5:15:29 PM com.sun.webpane.platform.WebPage getMainFrame
FINER: Main frame = 271465680
Feb 16, 2014 5:15:29 PM com.sun.webpane.platform.WebPage fwkFireResourceLoadEvent
FINER: Resource load event: pFrame = 271465680, state = 22, id = 2, contenttype=text/html, progress = 1.0, error = 0
Feb 16, 2014 5:15:29 PM com.sun.webpane.platform.WebPage fwkFireResourceLoadEvent
FINE: Error in fwkFireResourceLoadEvent: unknown request id 2
Feb 16, 2014 5:15:29 PM com.sun.webpane.platform.WebPage fwkRemoveRequestURL
FINER: Set request URL: id = 2
Feb 16, 2014 5:15:29 PM com.sun.webpane.sg.theme.RenderThemeImpl$Pool clear
FINE: size: 0, controls: []
Feb 16, 2014 5:15:29 PM com.sun.webpane.sg.theme.RenderThemeImpl$Pool clear
FINE: size: 0, controls: []
Feb 16, 2014 5:15:29 PM com.sun.webpane.platform.WebPage getMainFrame
FINER: getMainFrame: page = 274350656
Feb 16, 2014 5:15:29 PM com.sun.webpane.platform.WebPage getMainFrame
FINER: Main frame = 271465680
Feb 16, 2014 5:15:29 PM com.sun.webpane.platform.WebPage load
FINE: Load text: <html><body></body></html>
Feb 16, 2014 5:15:29 PM com.sun.webpane.platform.WebPage fwkFireLoadEvent
FINER: Load event: pFrame = 271465680, state = 0, url = , contenttype=null, progress = 0.1, error = 0
Feb 16, 2014 5:15:29 PM com.sun.webpane.platform.WebPage getMainFrame
FINER: getMainFrame: page = 274350656
Feb 16, 2014 5:15:29 PM com.sun.webpane.platform.WebPage getMainFrame
FINER: Main frame = 271465680
Feb 16, 2014 5:15:29 PM com.sun.webpane.sg.theme.RenderThemeImpl$Pool clear
FINE: size: 0, controls: []
Feb 16, 2014 5:15:29 PM com.sun.webpane.sg.theme.RenderThemeImpl$Pool clear
FINE: size: 0, controls: []
Feb 16, 2014 5:15:29 PM com.sun.webpane.platform.WebPage fwkGetPageBounds
FINER: Get page bounds
Feb 16, 2014 5:15:29 PM com.sun.webpane.platform.WebPage getMainFrame
FINER: getMainFrame: page = 274352352
Feb 16, 2014 5:15:29 PM com.sun.webpane.platform.WebPage getMainFrame
FINER: Main frame = 272690784
Feb 16, 2014 5:15:29 PM com.sun.webpane.platform.WebPage open
FINE: Open URL: 
Feb 16, 2014 5:15:29 PM com.sun.webpane.platform.WebPage fwkFireLoadEvent
FINER: Load event: pFrame = 272690784, state = 0, url = , contenttype=null, progress = 0.1, error = 0
Feb 16, 2014 5:15:29 PM com.sun.webpane.platform.WebPage getMainFrame
FINER: getMainFrame: page = 274352352
Feb 16, 2014 5:15:29 PM com.sun.webpane.platform.WebPage getMainFrame
FINER: Main frame = 272690784
Feb 16, 2014 5:15:29 PM com.sun.webpane.platform.WebPage fwkFireLoadEvent
FINER: Load event: pFrame = 272690784, state = 13, url = , contenttype=text/html, progress = 0.1, error = 0
Feb 16, 2014 5:15:29 PM com.sun.webpane.platform.WebPage getMainFrame
FINER: getMainFrame: page = 274352352
Feb 16, 2014 5:15:29 PM com.sun.webpane.platform.WebPage getMainFrame
FINER: Main frame = 272690784
Feb 16, 2014 5:15:29 PM com.sun.webpane.platform.WebPage fwkGetPageBounds
FINER: Get page bounds
Feb 16, 2014 5:15:29 PM com.sun.webpane.platform.WebPage fwkSetStatusbarText
FINER: Set statusbar text: null
Feb 16, 2014 5:15:29 PM com.sun.webpane.platform.WebPage fwkSetStatusbarText
FINER: Set statusbar text: null
Feb 16, 2014 5:15:29 PM com.sun.webpane.platform.WebPage fwkFireLoadEvent
FINER: Load event: pFrame = 272690784, state = 14, url = about:blank, contenttype=text/html, progress = 0.1, error = 0
Feb 16, 2014 5:15:29 PM com.sun.webpane.platform.WebPage getMainFrame
FINER: getMainFrame: page = 274352352
Feb 16, 2014 5:15:29 PM com.sun.webpane.platform.WebPage getMainFrame
FINER: Main frame = 272690784
Feb 16, 2014 5:15:29 PM com.sun.webpane.platform.WebPage fwkRepaint
FINEST: fwkRepaint: 0 0 12 12
Feb 16, 2014 5:15:29 PM com.sun.webpane.platform.WebPage fwkFireLoadEvent
FINER: Load event: pFrame = 272690784, state = 12, url = about:blank, contenttype=text/html, progress = 0.1, error = 0
Feb 16, 2014 5:15:29 PM com.sun.webpane.platform.WebPage getMainFrame
FINER: getMainFrame: page = 274352352
Feb 16, 2014 5:15:29 PM com.sun.webpane.platform.WebPage getMainFrame
FINER: Main frame = 272690784
Feb 16, 2014 5:15:29 PM com.sun.webpane.platform.WebPage fwkFireLoadEvent
FINER: Load event: pFrame = 272690784, state = 10, url = , contenttype=text/html, progress = 0.1, error = 0
Feb 16, 2014 5:15:29 PM com.sun.webpane.platform.WebPage getMainFrame
FINER: getMainFrame: page = 274352352
Feb 16, 2014 5:15:29 PM com.sun.webpane.platform.WebPage getMainFrame
FINER: Main frame = 272690784
Feb 16, 2014 5:15:29 PM com.sun.webpane.platform.WebPage fwkFireLoadEvent
FINER: Load event: pFrame = 272690784, state = 1, url = about:blank, contenttype=text/html, progress = 0.0, error = 0
Feb 16, 2014 5:15:29 PM com.sun.webpane.platform.WebPage getMainFrame
FINER: getMainFrame: page = 274352352
Feb 16, 2014 5:15:29 PM com.sun.webpane.platform.WebPage getMainFrame
FINER: Main frame = 272690784
Feb 16, 2014 5:15:29 PM com.sun.webpane.platform.WebPage fwkFireResourceLoadEvent
FINER: Resource load event: pFrame = 272690784, state = 22, id = 4, contenttype=text/html, progress = 1.0, error = 0
Feb 16, 2014 5:15:29 PM com.sun.webpane.platform.WebPage fwkFireResourceLoadEvent
FINE: Error in fwkFireResourceLoadEvent: unknown request id 4
Feb 16, 2014 5:15:29 PM com.sun.webpane.platform.WebPage fwkRemoveRequestURL
FINER: Set request URL: id = 4
Feb 16, 2014 5:15:29 PM com.sun.webpane.sg.theme.RenderThemeImpl$Pool clear
FINE: size: 0, controls: []
Feb 16, 2014 5:15:29 PM com.sun.webpane.sg.theme.RenderThemeImpl$Pool clear
FINE: size: 0, controls: []
Feb 16, 2014 5:15:34 PM com.sun.webpane.platform.WebPage fwkFireLoadEvent
FINER: Load event: pFrame = 271465680, state = 13, url = , contenttype=text/html, progress = 0.1, error = 0
Feb 16, 2014 5:15:34 PM com.sun.webpane.platform.WebPage getMainFrame
FINER: getMainFrame: page = 274350656
Feb 16, 2014 5:15:34 PM com.sun.webpane.platform.WebPage getMainFrame
FINER: Main frame = 271465680
Feb 16, 2014 5:15:34 PM com.sun.webpane.platform.WebPage fwkGetPageBounds
FINER: Get page bounds
Feb 16, 2014 5:15:34 PM com.sun.webpane.platform.WebPage fwkSetStatusbarText
FINER: Set statusbar text: null
Feb 16, 2014 5:15:34 PM com.sun.webpane.platform.WebPage fwkSetStatusbarText
FINER: Set statusbar text: null
Feb 16, 2014 5:15:34 PM com.sun.webpane.platform.WebPage fwkFireLoadEvent
FINER: Load event: pFrame = 271465680, state = 30, url = about:blank, contenttype=text/html, progress = 0.5, error = 0
Feb 16, 2014 5:15:34 PM com.sun.webpane.platform.WebPage getMainFrame
FINER: getMainFrame: page = 274350656
Feb 16, 2014 5:15:34 PM com.sun.webpane.platform.WebPage getMainFrame
FINER: Main frame = 271465680
Feb 16, 2014 5:15:34 PM com.sun.webpane.platform.WebPage fwkFireLoadEvent
FINER: Load event: pFrame = 271465680, state = 14, url = about:blank, contenttype=text/html, progress = 0.5, error = 0
Feb 16, 2014 5:15:34 PM com.sun.webpane.platform.WebPage getMainFrame
FINER: getMainFrame: page = 274350656
Feb 16, 2014 5:15:34 PM com.sun.webpane.platform.WebPage getMainFrame
FINER: Main frame = 271465680
Feb 16, 2014 5:15:34 PM com.sun.webpane.platform.WebPage fwkRepaint
FINEST: fwkRepaint: 0 0 12 12
Feb 16, 2014 5:15:34 PM com.sun.webpane.platform.WebPage fwkFireLoadEvent
FINER: Load event: pFrame = 271465680, state = 12, url = about:blank, contenttype=text/html, progress = 0.5, error = 0
Feb 16, 2014 5:15:34 PM com.sun.webpane.platform.WebPage getMainFrame
FINER: getMainFrame: page = 274350656
Feb 16, 2014 5:15:34 PM com.sun.webpane.platform.WebPage getMainFrame
FINER: Main frame = 271465680
Feb 16, 2014 5:15:34 PM com.sun.webpane.platform.WebPage fwkFireLoadEvent
FINER: Load event: pFrame = 271465680, state = 10, url = , contenttype=text/html, progress = 0.5, error = 0
Feb 16, 2014 5:15:34 PM com.sun.webpane.platform.WebPage getMainFrame
FINER: getMainFrame: page = 274350656
Feb 16, 2014 5:15:34 PM com.sun.webpane.platform.WebPage getMainFrame
FINER: Main frame = 271465680
Feb 16, 2014 5:15:34 PM com.sun.webpane.platform.WebPage fwkFireLoadEvent
FINER: Load event: pFrame = 271465680, state = 1, url = about:blank, contenttype=text/html, progress = 0.0, error = 0
Feb 16, 2014 5:15:34 PM com.sun.webpane.platform.WebPage getMainFrame
FINER: getMainFrame: page = 274350656
Feb 16, 2014 5:15:34 PM com.sun.webpane.platform.WebPage getMainFrame
FINER: Main frame = 271465680
Feb 16, 2014 5:15:34 PM com.sun.webpane.platform.WebPage fwkFireResourceLoadEvent
FINER: Resource load event: pFrame = 271465680, state = 22, id = 3, contenttype=text/html, progress = 1.0, error = 0
Feb 16, 2014 5:15:34 PM com.sun.webpane.platform.WebPage fwkFireResourceLoadEvent
FINE: Error in fwkFireResourceLoadEvent: unknown request id 3
Feb 16, 2014 5:15:34 PM com.sun.webpane.platform.WebPage fwkRemoveRequestURL
FINER: Set request URL: id = 3
Feb 16, 2014 5:15:34 PM com.sun.webpane.platform.WebPage executeCommand
FINE: command: [formatblock], value: [<p>]
Feb 16, 2014 5:15:34 PM com.sun.webpane.platform.WebPage executeCommand
FINE: result: [false]
Feb 16, 2014 5:15:34 PM com.sun.webpane.platform.WebPage executeCommand
FINE: command: [fontsize], value: [3]
Feb 16, 2014 5:15:34 PM com.sun.webpane.platform.WebPage executeCommand
FINE: result: [false]
Feb 16, 2014 5:15:34 PM com.sun.webpane.platform.WebPage executeCommand
FINE: command: [fontname], value: [Segoe UI]
Feb 16, 2014 5:15:34 PM com.sun.webpane.platform.WebPage executeCommand
FINE: result: [false]
Feb 16, 2014 5:15:34 PM com.sun.webpane.platform.WebPage queryCommandValue
FINE: command: [fontsize]
Feb 16, 2014 5:15:34 PM com.sun.webpane.platform.WebPage queryCommandValue
FINE: result: [null]
Feb 16, 2014 5:15:34 PM com.sun.webpane.platform.WebPage executeCommand
FINE: command: [fontsize], value: [3]
Feb 16, 2014 5:15:34 PM com.sun.webpane.platform.WebPage executeCommand
FINE: result: [false]
Feb 16, 2014 5:15:34 PM com.sun.webpane.platform.WebPage queryCommandEnabled
FINE: command: [copy]
Feb 16, 2014 5:15:34 PM com.sun.webpane.platform.WebPage queryCommandEnabled
FINE: result: [false]
Feb 16, 2014 5:15:34 PM com.sun.webpane.platform.WebPage queryCommandEnabled
FINE: command: [cut]
Feb 16, 2014 5:15:34 PM com.sun.webpane.platform.WebPage queryCommandEnabled
FINE: result: [false]
Feb 16, 2014 5:15:34 PM com.sun.webpane.platform.WebPage queryCommandEnabled
FINE: command: [paste]
Feb 16, 2014 5:15:34 PM com.sun.webpane.platform.WebPage queryCommandEnabled
FINE: result: [false]
Feb 16, 2014 5:15:34 PM com.sun.webpane.platform.WebPage getMainFrame
FINER: getMainFrame: page = 274350656
Feb 16, 2014 5:15:34 PM com.sun.webpane.platform.WebPage getMainFrame
FINER: Main frame = 271465680
Feb 16, 2014 5:15:34 PM com.sun.webpane.platform.WebPage getDocument
FINE: getDocument
Feb 16, 2014 5:15:36 PM RMIConnectorServer stop
FINER: stopping.
Feb 16, 2014 5:15:36 PM RMIConnectorServer stop
FINER: closing RMI server.
Feb 16, 2014 5:15:36 PM RMIServerImpl close
FINER: closing
Feb 16, 2014 5:15:36 PM RMIServerImpl close
FINEST: closing Server
Feb 16, 2014 5:15:36 PM sun.rmi.transport.ObjectTable removeTarget
FINER: JavaFX Application Thread: remove object [69ed2bd8:1443b7b01f5:-7fff, 7435588014553326148]
Feb 16, 2014 5:15:36 PM RMIServerImpl close
FINEST: closing Clients
Feb 16, 2014 5:15:36 PM RMIServerImpl close
FINEST: droping dead references
Feb 16, 2014 5:15:36 PM RMIServerImpl close
FINEST: client count: 0
Feb 16, 2014 5:15:36 PM RMIServerImpl close
FINER: closed.
Feb 16, 2014 5:15:36 PM RMIConnectorServer stop
FINER: stopped
Feb 16, 2014 5:15:36 PM com.sun.webpane.sg.prism.WCFontImpl getFont
FINE: WCFontImpl.get(serif, 16.0) = Serif
Feb 16, 2014 5:15:36 PM com.sun.webpane.perf.PerfLogger registerProbe
FINE: Registering "com.sun.webpane.perf.WCFontPerfLogger.TOTALTIME" probe
Feb 16, 2014 5:15:36 PM com.sun.webpane.perf.PerfLogger registerProbe
FINE: Registering "com.sun.webpane.perf.WCFontPerfLogger.GETXHEIGHT" probe
Feb 16, 2014 5:15:36 PM com.sun.webpane.sg.prism.WCFontImpl getXHeight
FINER: getXHeight(Serif Regular, 16) = 7
Feb 16, 2014 5:15:36 PM com.sun.webpane.perf.PerfLogger registerProbe
FINE: Registering "com.sun.webpane.perf.WCFontPerfLogger.GETASCENT" probe
Feb 16, 2014 5:15:36 PM com.sun.webpane.sg.prism.WCFontImpl getAscent
FINER: getAscent(Serif Regular, 16) = 14
Feb 16, 2014 5:15:36 PM com.sun.webpane.perf.PerfLogger registerProbe
FINE: Registering "com.sun.webpane.perf.WCFontPerfLogger.GETDESCENT" probe
Feb 16, 2014 5:15:36 PM com.sun.webpane.sg.prism.WCFontImpl getDescent
FINER: getDescent(Serif Regular, 16) = 3
Feb 16, 2014 5:15:36 PM com.sun.webpane.perf.PerfLogger registerProbe
FINE: Registering "com.sun.webpane.perf.WCFontPerfLogger.GETHEIGHT" probe
Feb 16, 2014 5:15:36 PM com.sun.webpane.sg.prism.WCFontImpl getHeight
FINER: getHeight(Serif Regular, 16) = 18
Feb 16, 2014 5:15:36 PM com.sun.webpane.perf.PerfLogger registerProbe
FINE: Registering "com.sun.webpane.perf.WCFontPerfLogger.GETGLYPHCODES" probe
Feb 16, 2014 5:15:36 PM com.sun.webpane.perf.PerfLogger registerProbe
FINE: Registering "com.sun.webpane.perf.WCFontPerfLogger.GETGLYPHWIDTH" probe
Feb 16, 2014 5:15:36 PM com.sun.webpane.sg.prism.WCFontImpl getGlyphWidth
FINER: getGlyphWidth(Serif Regular, 16,  )= 4
Feb 16, 2014 5:15:36 PM com.sun.webpane.perf.PerfLogger registerProbe
FINE: Registering "com.sun.webpane.perf.WCFontPerfLogger.HASUNIFORMLINEMETRICS" probe
Feb 16, 2014 5:15:36 PM com.sun.webpane.sg.prism.WCFontImpl getGlyphWidth
FINER: getGlyphWidth(Serif Regular, 16, 0)= 8
Feb 16, 2014 5:15:36 PM com.sun.webpane.perf.PerfLogger registerProbe
FINE: Registering "com.sun.webpane.perf.WCFontPerfLogger.HASH" probe
